[  199442ms] [ERROR] Failed to load resource: net::ERR_INCOMPLETE_CHUNKED_ENCODING @ http://localhost:3000/api/events/stream?project_id=proj-docalist:0
[  200423ms] [ERROR] Failed to load resource: net::ERR_CONNECTION_REFUSED @ http://localhost:3000/api/health:0
[  200444ms] [ERROR] WebSocket connection to 'ws://localhost:3000/_next/webpack-hmr?id=1rWvPpe1WbD74Eed4Lclf' failed: Error in connection establishment: net::ERR_CONNECTION_REFUSED @ http://localhost:3000/_next/static/chunks/ce7e3_next_dist_client_b8f2f476._.js:10878
[  201447ms] [ERROR] WebSocket connection to 'ws://localhost:3000/_next/webpack-hmr?id=1rWvPpe1WbD74Eed4Lclf' failed: Error in connection establishment: net::ERR_CONNECTION_REFUSED @ http://localhost:3000/_next/static/chunks/ce7e3_next_dist_client_b8f2f476._.js:10878
[  202423ms] [ERROR] Failed to load resource: net::ERR_CONNECTION_REFUSED @ http://localhost:3000/api/health:0
[  202443ms] [ERROR] Failed to load resource: net::ERR_CONNECTION_REFUSED @ http://localhost:3000/api/events/stream?project_id=proj-docalist:0
[  202449ms] [ERROR] WebSocket connection to 'ws://localhost:3000/_next/webpack-hmr?id=1rWvPpe1WbD74Eed4Lclf' failed: Error in connection establishment: net::ERR_CONNECTION_REFUSED @ http://localhost:3000/_next/static/chunks/ce7e3_next_dist_client_b8f2f476._.js:10878
[  203452ms] [ERROR] WebSocket connection to 'ws://localhost:3000/_next/webpack-hmr?id=1rWvPpe1WbD74Eed4Lclf' failed: Error in connection establishment: net::ERR_CONNECTION_REFUSED @ http://localhost:3000/_next/static/chunks/ce7e3_next_dist_client_b8f2f476._.js:10878
[  204423ms] [ERROR] Failed to load resource: net::ERR_CONNECTION_REFUSED @ http://localhost:3000/api/health:0
[  204454ms] [ERROR] WebSocket connection to 'ws://localhost:3000/_next/webpack-hmr?id=1rWvPpe1WbD74Eed4Lclf' failed: Error in connection establishment: net::ERR_CONNECTION_REFUSED @ http://localhost:3000/_next/static/chunks/ce7e3_next_dist_client_b8f2f476._.js:10878
[  205446ms] [ERROR] Failed to load resource: net::ERR_CONNECTION_REFUSED @ http://localhost:3000/api/events/stream?project_id=proj-docalist:0
[  206423ms] [ERROR] Failed to load resource: net::ERR_CONNECTION_REFUSED @ http://localhost:3000/api/health:0
[  206858ms] [ERROR] Failed to load resource: net::ERR_CONNECTION_REFUSED @ http://localhost:3000/api/gsd/tasks?project_id=proj-docalist:0
[  208422ms] [ERROR] Failed to load resource: net::ERR_CONNECTION_REFUSED @ http://localhost:3000/api/health:0
[  208448ms] [ERROR] Failed to load resource: net::ERR_CONNECTION_REFUSED @ http://localhost:3000/api/events/stream?project_id=proj-docalist:0
[  209457ms] [ERROR] WebSocket connection to 'ws://localhost:3000/_next/webpack-hmr?id=1rWvPpe1WbD74Eed4Lclf' failed: Error in connection establishment: net::ERR_CONNECTION_REFUSED @ http://localhost:3000/_next/static/chunks/ce7e3_next_dist_client_b8f2f476._.js:10878
[  234708ms] [ERROR] Failed to load resource: net::ERR_INCOMPLETE_CHUNKED_ENCODING @ http://localhost:3000/api/events/stream?project_id=proj-docalist:0
[  235240ms] [ERROR] Failed to load resource: net::ERR_CONNECTION_REFUSED @ http://localhost:3000/api/health:0
[  235485ms] [ERROR] Failed to load resource: net::ERR_CONNECTION_REFUSED @ http://localhost:3000/api/gsd/tasks?project_id=proj-docalist:0
[  235709ms] [ERROR] WebSocket connection to 'ws://localhost:3000/_next/webpack-hmr?id=1MORqXHw97zDEH4xGxCY4' failed: Error in connection establishment: net::ERR_CONNECTION_REFUSED @ http://localhost:3000/_next/static/chunks/ce7e3_next_dist_client_b8f2f476._.js:10878
[  236711ms] [ERROR] WebSocket connection to 'ws://localhost:3000/_next/webpack-hmr?id=1MORqXHw97zDEH4xGxCY4' failed: Error in connection establishment: net::ERR_CONNECTION_REFUSED @ http://localhost:3000/_next/static/chunks/ce7e3_next_dist_client_b8f2f476._.js:10878
[  237240ms] [ERROR] Failed to load resource: net::ERR_CONNECTION_REFUSED @ http://localhost:3000/api/health:0
[  237710ms] [ERROR] Failed to load resource: net::ERR_CONNECTION_REFUSED @ http://localhost:3000/api/events/stream?project_id=proj-docalist:0
[  237712ms] [ERROR] WebSocket connection to 'ws://localhost:3000/_next/webpack-hmr?id=1MORqXHw97zDEH4xGxCY4' failed: Error in connection establishment: net::ERR_CONNECTION_REFUSED @ http://localhost:3000/_next/static/chunks/ce7e3_next_dist_client_b8f2f476._.js:10878
[  238717ms] [ERROR] WebSocket connection to 'ws://localhost:3000/_next/webpack-hmr?id=1MORqXHw97zDEH4xGxCY4' failed: Error in connection establishment: net::ERR_CONNECTION_REFUSED @ http://localhost:3000/_next/static/chunks/ce7e3_next_dist_client_b8f2f476._.js:10878
[  239239ms] [ERROR] Failed to load resource: net::ERR_CONNECTION_REFUSED @ http://localhost:3000/api/health:0
[  239719ms] [ERROR] WebSocket connection to 'ws://localhost:3000/_next/webpack-hmr?id=1MORqXHw97zDEH4xGxCY4' failed: Error in connection establishment: net::ERR_CONNECTION_REFUSED @ http://localhost:3000/_next/static/chunks/ce7e3_next_dist_client_b8f2f476._.js:10878
[  277895ms] [ERROR] Failed to load resource: net::ERR_INCOMPLETE_CHUNKED_ENCODING @ http://localhost:3000/api/events/stream?project_id=proj-docalist:0
[  278897ms] [ERROR] WebSocket connection to 'ws://localhost:3000/_next/webpack-hmr?id=5AoTOjMSyPDhOg_gpGVQM' failed: Error in connection establishment: net::ERR_CONNECTION_REFUSED @ http://localhost:3000/_next/static/chunks/ce7e3_next_dist_client_b8f2f476._.js:10878
[  279539ms] [ERROR] Failed to load resource: net::ERR_CONNECTION_REFUSED @ http://localhost:3000/api/health:0
[  279900ms] [ERROR] WebSocket connection to 'ws://localhost:3000/_next/webpack-hmr?id=5AoTOjMSyPDhOg_gpGVQM' failed: Error in connection establishment: net::ERR_CONNECTION_REFUSED @ http://localhost:3000/_next/static/chunks/ce7e3_next_dist_client_b8f2f476._.js:10878
[  430546ms] [ERROR] Failed to load resource: net::ERR_INCOMPLETE_CHUNKED_ENCODING @ http://localhost:3000/api/events/stream?project_id=proj-docalist:0
[  431549ms] [ERROR] WebSocket connection to 'ws://localhost:3000/_next/webpack-hmr?id=BX6XwVwQ5NFLJy7mV-vGB' failed: Error in connection establishment: net::ERR_CONNECTION_REFUSED @ http://localhost:3000/_next/static/chunks/ce7e3_next_dist_client_b8f2f476._.js:10878
[  431712ms] [ERROR] Failed to load resource: net::ERR_CONNECTION_REFUSED @ http://localhost:3000/api/health:0
[  431863ms] [ERROR] Failed to load resource: net::ERR_CONNECTION_REFUSED @ http://localhost:3000/api/gsd/tasks?project_id=proj-docalist:0
[  432551ms] [ERROR] WebSocket connection to 'ws://localhost:3000/_next/webpack-hmr?id=BX6XwVwQ5NFLJy7mV-vGB' failed: Error in connection establishment: net::ERR_CONNECTION_REFUSED @ http://localhost:3000/_next/static/chunks/ce7e3_next_dist_client_b8f2f476._.js:10878
[  433550ms] [ERROR] Failed to load resource: net::ERR_CONNECTION_REFUSED @ http://localhost:3000/api/events/stream?project_id=proj-docalist:0
[  433553ms] [ERROR] WebSocket connection to 'ws://localhost:3000/_next/webpack-hmr?id=BX6XwVwQ5NFLJy7mV-vGB' failed: Error in connection establishment: net::ERR_CONNECTION_REFUSED @ http://localhost:3000/_next/static/chunks/ce7e3_next_dist_client_b8f2f476._.js:10878
[  433714ms] [ERROR] Failed to load resource: net::ERR_CONNECTION_REFUSED @ http://localhost:3000/api/health:0
[  434555ms] [ERROR] WebSocket connection to 'ws://localhost:3000/_next/webpack-hmr?id=BX6XwVwQ5NFLJy7mV-vGB' failed: Error in connection establishment: net::ERR_CONNECTION_REFUSED @ http://localhost:3000/_next/static/chunks/ce7e3_next_dist_client_b8f2f476._.js:10878
[  435557ms] [ERROR] WebSocket connection to 'ws://localhost:3000/_next/webpack-hmr?id=BX6XwVwQ5NFLJy7mV-vGB' failed: Error in connection establishment: net::ERR_CONNECTION_REFUSED @ http://localhost:3000/_next/static/chunks/ce7e3_next_dist_client_b8f2f476._.js:10878
[  435712ms] [ERROR] Failed to load resource: net::ERR_CONNECTION_REFUSED @ http://localhost:3000/api/health:0
[  436552ms] [ERROR] Failed to load resource: net::ERR_CONNECTION_REFUSED @ http://localhost:3000/api/events/stream?project_id=proj-docalist:0
