[  286811ms] ReferenceError: cn is not defined
    at AgentActivityPanel (http://localhost:3000/_next/static/chunks/git_coding-dashboard_src_c4bf7d1e._.js?id=%255Bproject%255D%252Fgit%252Fcoding-dashboard%252Fsrc%252Fcomponents%252Factivity%252Fagent-activity-panel.tsx+%255Bapp-client%255D+%2528ecmascript%2529:154:28)
    at Object.react_stack_bottom_frame (http://localhost:3000/_next/static/chunks/ce7e3_next_dist_compiled_react-dom_ca4da9ce._.js:14826:24)
    at renderWithHooks (http://localhost:3000/_next/static/chunks/ce7e3_next_dist_compiled_react-dom_ca4da9ce._.js:4651:24)
    at updateFunctionComponent (http://localhost:3000/_next/static/chunks/ce7e3_next_dist_compiled_react-dom_ca4da9ce._.js:6112:21)
    at beginWork (http://localhost:3000/_next/static/chunks/ce7e3_next_dist_compiled_react-dom_ca4da9ce._.js:6708:24)
    at runWithFiberInDEV (http://localhost:3000/_next/static/chunks/ce7e3_next_dist_compiled_react-dom_ca4da9ce._.js:965:74)
    at performUnitOfWork (http://localhost:3000/_next/static/chunks/ce7e3_next_dist_compiled_react-dom_ca4da9ce._.js:9562:97)
    at workLoopSync (http://localhost:3000/_next/static/chunks/ce7e3_next_dist_compiled_react-dom_ca4da9ce._.js:9456:40)
    at renderRootSync (http://localhost:3000/_next/static/chunks/ce7e3_next_dist_compiled_react-dom_ca4da9ce._.js:9440:13)
    at performWorkOnRoot (http://localhost:3000/_next/static/chunks/ce7e3_next_dist_compiled_react-dom_ca4da9ce._.js:9105:47)
    at performSyncWorkOnRoot (http://localhost:3000/_next/static/chunks/ce7e3_next_dist_compiled_react-dom_ca4da9ce._.js:10238:9)
    at flushSyncWorkAcrossRoots_impl (http://localhost:3000/_next/static/chunks/ce7e3_next_dist_compiled_react-dom_ca4da9ce._.js:10154:316)
    at flushSyncWork$1 (http://localhost:3000/_next/static/chunks/ce7e3_next_dist_compiled_react-dom_ca4da9ce._.js:9237:86)
    at Object.scheduleRefresh (http://localhost:3000/_next/static/chunks/ce7e3_next_dist_compiled_react-dom_ca4da9ce._.js:299:13)
    at http://localhost:3000/_next/static/chunks/ce7e3_next_dist_compiled_ac781538._.js:391:33
    at Set.forEach (<anonymous>)
    at Object.performReactRefresh (http://localhost:3000/_next/static/chunks/ce7e3_next_dist_compiled_ac781538._.js:384:38)
    at applyUpdate (http://localhost:3000/_next/static/chunks/ce7e3_next_dist_compiled_ac781538._.js:878:31)
    at http://localhost:3000/_next/static/chunks/ce7e3_next_dist_compiled_ac781538._.js:886:13
[  294626ms] [WARNING] [Fast Refresh] performing full reload because your application had an unrecoverable error @ http://localhost:3000/_next/static/chunks/ce7e3_next_dist_d1edf6fb._.js:2297
