[     196ms] [ERROR] Failed to load resource: the server responded with a status of 500 (Internal Server Error) @ http://localhost:3000/:0
[     467ms] AggregateError: An error occurred in the Server Components render but no message was provided
    at TrustStats (about://React/Server/file:///Users/andreas/git/server/docalist/next/.next/dev/server/chunks/ssr/%5Broot-of-the-server%5D__568eb371._.js?22:330:55)
    at resolveErrorDev (http://localhost:3000/_next/static/chunks/985fd_next_dist_compiled_react-server-dom-turbopack_3b14b58f._.js:1894:148)
    at processFullStringRow (http://localhost:3000/_next/static/chunks/985fd_next_dist_compiled_react-server-dom-turbopack_3b14b58f._.js:2402:29)
    at processFullBinaryRow (http://localhost:3000/_next/static/chunks/985fd_next_dist_compiled_react-server-dom-turbopack_3b14b58f._.js:2361:9)
    at processBinaryChunk (http://localhost:3000/_next/static/chunks/985fd_next_dist_compiled_react-server-dom-turbopack_3b14b58f._.js:2470:221)
    at progress (http://localhost:3000/_next/static/chunks/985fd_next_dist_compiled_react-server-dom-turbopack_3b14b58f._.js:2640:13)
[    3505ms] [WARNING] The resource http://localhost:3000/_next/static/chunks/%5Broot-of-the-server%5D__4bb667f1._.css was preloaded using link preload but not used within a few seconds from the window's load event. Please make sure it has an appropriate `as` value and it is preloaded intentionally. @ http://localhost:3000/:0
[    3505ms] [WARNING] The resource http://localhost:3000/_next/static/media/1b99372b3eaef0c8-s.p.758e15a8.woff2 was preloaded using link preload but not used within a few seconds from the window's load event. Please make sure it has an appropriate `as` value and it is preloaded intentionally. @ http://localhost:3000/:0
[   80107ms] [ERROR] Failed to load resource: net::ERR_CONNECTION_REFUSED @ http://localhost:3000/__nextjs_original-stack-frames:0
[   81110ms] [ERROR] WebSocket connection to 'ws://localhost:3000/_next/webpack-hmr?id=qCA7UHjqQyhx2D6DHu20t' failed: Error in connection establishment: net::ERR_CONNECTION_REFUSED @ http://localhost:3000/_next/static/chunks/985fd_next_dist_client_6108da7c._.js:10878
[   83062ms] [ERROR] WebSocket connection to 'ws://localhost:3000/_next/webpack-hmr?id=qCA7UHjqQyhx2D6DHu20t' failed: Connection closed before receiving a handshake response @ http://localhost:3000/_next/static/chunks/985fd_next_dist_client_6108da7c._.js:10878
[   83109ms] [WARNING] The resource http://localhost:3000/_next/static/chunks/%5Broot-of-the-server%5D__4bb667f1._.css was preloaded using link preload but not used within a few seconds from the window's load event. Please make sure it has an appropriate `as` value and it is preloaded intentionally. @ http://localhost:3000/:0
[   83109ms] [WARNING] The resource http://localhost:3000/_next/static/media/1b99372b3eaef0c8-s.p.758e15a8.woff2 was preloaded using link preload but not used within a few seconds from the window's load event. Please make sure it has an appropriate `as` value and it is preloaded intentionally. @ http://localhost:3000/:0
[   84065ms] [ERROR] WebSocket connection to 'ws://localhost:3000/_next/webpack-hmr?id=qCA7UHjqQyhx2D6DHu20t' failed: Error in connection establishment: net::ERR_CONNECTION_REFUSED @ http://localhost:3000/_next/static/chunks/985fd_next_dist_client_6108da7c._.js:10878
[   85068ms] [ERROR] WebSocket connection to 'ws://localhost:3000/_next/webpack-hmr?id=qCA7UHjqQyhx2D6DHu20t' failed: Error in connection establishment: net::ERR_CONNECTION_REFUSED @ http://localhost:3000/_next/static/chunks/985fd_next_dist_client_6108da7c._.js:10878
[   86070ms] [ERROR] WebSocket connection to 'ws://localhost:3000/_next/webpack-hmr?id=qCA7UHjqQyhx2D6DHu20t' failed: Error in connection establishment: net::ERR_CONNECTION_REFUSED @ http://localhost:3000/_next/static/chunks/985fd_next_dist_client_6108da7c._.js:10878
[   91073ms] [ERROR] WebSocket connection to 'ws://localhost:3000/_next/webpack-hmr?id=qCA7UHjqQyhx2D6DHu20t' failed: Error in connection establishment: net::ERR_CONNECTION_REFUSED @ http://localhost:3000/_next/static/chunks/985fd_next_dist_client_6108da7c._.js:10878
[   96076ms] [ERROR] WebSocket connection to 'ws://localhost:3000/_next/webpack-hmr?id=qCA7UHjqQyhx2D6DHu20t' failed: Error in connection establishment: net::ERR_CONNECTION_REFUSED @ http://localhost:3000/_next/static/chunks/985fd_next_dist_client_6108da7c._.js:10878
