[11166700ms] ReferenceError: LiveStream is not defined
    at DashboardShell (http://localhost:3000/_next/static/chunks/git_coding-dashboard_src_d6fd0a2d._.js?id=%255Bproject%255D%252Fgit%252Fcoding-dashboard%252Fsrc%252Fcomponents%252Flayout%252Fdashboard-shell.tsx+%255Bapp-client%255D+%2528ecmascript%2529:56:276)
    at Object.react_stack_bottom_frame (http://localhost:3000/_next/static/chunks/ce7e3_next_dist_compiled_react-dom_ca4da9ce._.js:14826:24)
    at renderWithHooks (http://localhost:3000/_next/static/chunks/ce7e3_next_dist_compiled_react-dom_ca4da9ce._.js:4651:24)
    at updateFunctionComponent (http://localhost:3000/_next/static/chunks/ce7e3_next_dist_compiled_react-dom_ca4da9ce._.js:6112:21)
    at beginWork (http://localhost:3000/_next/static/chunks/ce7e3_next_dist_compiled_react-dom_ca4da9ce._.js:6708:24)
    at runWithFiberInDEV (http://localhost:3000/_next/static/chunks/ce7e3_next_dist_compiled_react-dom_ca4da9ce._.js:965:74)
    at performUnitOfWork (http://localhost:3000/_next/static/chunks/ce7e3_next_dist_compiled_react-dom_ca4da9ce._.js:9562:97)
    at workLoopSync (http://localhost:3000/_next/static/chunks/ce7e3_next_dist_compiled_react-dom_ca4da9ce._.js:9456:40)
    at renderRootSync (http://localhost:3000/_next/static/chunks/ce7e3_next_dist_compiled_react-dom_ca4da9ce._.js:9440:13)
    at performWorkOnRoot (http://localhost:3000/_next/static/chunks/ce7e3_next_dist_compiled_react-dom_ca4da9ce._.js:9105:47)
    at performSyncWorkOnRoot (http://localhost:3000/_next/static/chunks/ce7e3_next_dist_compiled_react-dom_ca4da9ce._.js:10238:9)
    at flushSyncWorkAcrossRoots_impl (http://localhost:3000/_next/static/chunks/ce7e3_next_dist_compiled_react-dom_ca4da9ce._.js:10154:316)
    at flushSyncWork$1 (http://localhost:3000/_next/static/chunks/ce7e3_next_dist_compiled_react-dom_ca4da9ce._.js:9237:86)
    at Object.scheduleRefresh (http://localhost:3000/_next/static/chunks/ce7e3_next_dist_compiled_react-dom_ca4da9ce._.js:299:13)
    at http://localhost:3000/_next/static/chunks/ce7e3_next_dist_compiled_ac781538._.js:391:33
    at Set.forEach (<anonymous>)
    at Object.performReactRefresh (http://localhost:3000/_next/static/chunks/ce7e3_next_dist_compiled_ac781538._.js:384:38)
    at applyUpdate (http://localhost:3000/_next/static/chunks/ce7e3_next_dist_compiled_ac781538._.js:878:31)
    at http://localhost:3000/_next/static/chunks/ce7e3_next_dist_compiled_ac781538._.js:886:13
[11171042ms] [WARNING] [Fast Refresh] performing full reload because your application had an unrecoverable error @ http://localhost:3000/_next/static/chunks/ce7e3_next_dist_d1edf6fb._.js:2297
[11174811ms] [ERROR] Failed to load resource: the server responded with a status of 500 (Internal Server Error) @ http://localhost:3000/api/chat/session:0
[11371845ms] [ERROR] Failed to load resource: the server responded with a status of 500 (Internal Server Error) @ http://localhost:3000/api/chat/session:0
[11386582ms] [ERROR] Failed to load resource: net::ERR_CONNECTION_REFUSED @ http://localhost:3000/api/events/stream?project_id=proj-docalist:0
[11387585ms] [ERROR] WebSocket connection to 'ws://localhost:3000/_next/webpack-hmr?id=VIMDx7VQJRr03MynVWamg' failed: Error in connection establishment: net::ERR_CONNECTION_REFUSED @ http://localhost:3000/_next/static/chunks/ce7e3_next_dist_client_b8f2f476._.js:10878
[11387607ms] [ERROR] Failed to load resource: net::ERR_CONNECTION_REFUSED @ http://localhost:3000/api/health:0
[11388588ms] [ERROR] WebSocket connection to 'ws://localhost:3000/_next/webpack-hmr?id=VIMDx7VQJRr03MynVWamg' failed: Error in connection establishment: net::ERR_CONNECTION_REFUSED @ http://localhost:3000/_next/static/chunks/ce7e3_next_dist_client_b8f2f476._.js:10878
[11389584ms] [ERROR] Failed to load resource: net::ERR_CONNECTION_REFUSED @ http://localhost:3000/api/events/stream?project_id=proj-docalist:0
[11389589ms] [ERROR] WebSocket connection to 'ws://localhost:3000/_next/webpack-hmr?id=VIMDx7VQJRr03MynVWamg' failed: Error in connection establishment: net::ERR_CONNECTION_REFUSED @ http://localhost:3000/_next/static/chunks/ce7e3_next_dist_client_b8f2f476._.js:10878
[11389606ms] [ERROR] Failed to load resource: net::ERR_CONNECTION_REFUSED @ http://localhost:3000/api/health:0
[11390591ms] [ERROR] WebSocket connection to 'ws://localhost:3000/_next/webpack-hmr?id=VIMDx7VQJRr03MynVWamg' failed: Error in connection establishment: net::ERR_CONNECTION_REFUSED @ http://localhost:3000/_next/static/chunks/ce7e3_next_dist_client_b8f2f476._.js:10878
[11391595ms] [ERROR] WebSocket connection to 'ws://localhost:3000/_next/webpack-hmr?id=VIMDx7VQJRr03MynVWamg' failed: Error in connection establishment: net::ERR_CONNECTION_REFUSED @ http://localhost:3000/_next/static/chunks/ce7e3_next_dist_client_b8f2f476._.js:10878
[11391611ms] [ERROR] Failed to load resource: net::ERR_CONNECTION_REFUSED @ http://localhost:3000/api/health:0
[11391780ms] [ERROR] Failed to load resource: net::ERR_CONNECTION_REFUSED @ http://localhost:3000/api/gsd/tasks?project_id=proj-docalist:0
[11392590ms] [ERROR] Failed to load resource: net::ERR_CONNECTION_REFUSED @ http://localhost:3000/api/events/stream?project_id=proj-docalist:0
[11393607ms] [ERROR] Failed to load resource: net::ERR_CONNECTION_REFUSED @ http://localhost:3000/api/health:0
[11395592ms] [ERROR] Failed to load resource: net::ERR_CONNECTION_REFUSED @ http://localhost:3000/api/events/stream?project_id=proj-docalist:0
[11395607ms] [ERROR] Failed to load resource: net::ERR_CONNECTION_REFUSED @ http://localhost:3000/api/health:0
[11396598ms] [ERROR] WebSocket connection to 'ws://localhost:3000/_next/webpack-hmr?id=VIMDx7VQJRr03MynVWamg' failed: Error in connection establishment: net::ERR_CONNECTION_REFUSED @ http://localhost:3000/_next/static/chunks/ce7e3_next_dist_client_b8f2f476._.js:10878
[11397607ms] [ERROR] Failed to load resource: net::ERR_CONNECTION_REFUSED @ http://localhost:3000/api/health:0
[11398595ms] [ERROR] Failed to load resource: net::ERR_CONNECTION_REFUSED @ http://localhost:3000/api/events/stream?project_id=proj-docalist:0
[11399607ms] [ERROR] Failed to load resource: net::ERR_CONNECTION_REFUSED @ http://localhost:3000/api/health:0
[11402393ms] [ERROR] Failed to load resource: the server responded with a status of 500 (Internal Server Error) @ http://localhost:3000/api/chat/session:0
[11469834ms] [ERROR] Failed to load resource: the server responded with a status of 502 (Bad Gateway) @ http://localhost:3000/api/chat/session:0
[11665079ms] [ERROR] Failed to load resource: the server responded with a status of 502 (Bad Gateway) @ http://localhost:3000/api/chat/session:0
[11670422ms] [ERROR] Failed to load resource: net::ERR_CONNECTION_REFUSED @ http://localhost:3000/api/events/stream?project_id=proj-docalist:0
[11670849ms] [ERROR] Failed to load resource: net::ERR_CONNECTION_REFUSED @ http://localhost:3000/api/health:0
[11671427ms] [ERROR] WebSocket connection to 'ws://localhost:3000/_next/webpack-hmr?id=QPBmyT16zCOsPukUpnpfX' failed: Error in connection establishment: net::ERR_CONNECTION_REFUSED @ http://localhost:3000/_next/static/chunks/ce7e3_next_dist_client_b8f2f476._.js:10878
[11672429ms] [ERROR] WebSocket connection to 'ws://localhost:3000/_next/webpack-hmr?id=QPBmyT16zCOsPukUpnpfX' failed: Error in connection establishment: net::ERR_CONNECTION_REFUSED @ http://localhost:3000/_next/static/chunks/ce7e3_next_dist_client_b8f2f476._.js:10878
[11674063ms] [ERROR] Failed to load resource: the server responded with a status of 502 (Bad Gateway) @ http://localhost:3000/api/chat/session:0
[11678516ms] [ERROR] Failed to load resource: the server responded with a status of 502 (Bad Gateway) @ http://localhost:3000/api/chat/session:0
[11723579ms] [ERROR] Failed to load resource: the server responded with a status of 502 (Bad Gateway) @ http://localhost:3000/api/chat/session:0
[12447448ms] TypeError: Cannot read properties of undefined (reading 'length')
    at TaskBoard (http://localhost:3000/_next/static/chunks/git_coding-dashboard_src_160bf7f7._.js:1669:35)
    at Object.react_stack_bottom_frame (http://localhost:3000/_next/static/chunks/ce7e3_next_dist_compiled_react-dom_ca4da9ce._.js:14826:24)
    at renderWithHooks (http://localhost:3000/_next/static/chunks/ce7e3_next_dist_compiled_react-dom_ca4da9ce._.js:4651:24)
    at updateFunctionComponent (http://localhost:3000/_next/static/chunks/ce7e3_next_dist_compiled_react-dom_ca4da9ce._.js:6112:21)
    at beginWork (http://localhost:3000/_next/static/chunks/ce7e3_next_dist_compiled_react-dom_ca4da9ce._.js:6708:24)
    at runWithFiberInDEV (http://localhost:3000/_next/static/chunks/ce7e3_next_dist_compiled_react-dom_ca4da9ce._.js:965:74)
    at performUnitOfWork (http://localhost:3000/_next/static/chunks/ce7e3_next_dist_compiled_react-dom_ca4da9ce._.js:9562:97)
    at workLoopSync (http://localhost:3000/_next/static/chunks/ce7e3_next_dist_compiled_react-dom_ca4da9ce._.js:9456:40)
    at renderRootSync (http://localhost:3000/_next/static/chunks/ce7e3_next_dist_compiled_react-dom_ca4da9ce._.js:9440:13)
    at performWorkOnRoot (http://localhost:3000/_next/static/chunks/ce7e3_next_dist_compiled_react-dom_ca4da9ce._.js:9105:47)
    at performWorkOnRootViaSchedulerTask (http://localhost:3000/_next/static/chunks/ce7e3_next_dist_compiled_react-dom_ca4da9ce._.js:10230:9)
    at MessagePort.performWorkUntilDeadline (http://localhost:3000/_next/static/chunks/ce7e3_next_dist_compiled_ac781538._.js:2647:64)
[12462460ms] [WARNING] [Fast Refresh] performing full reload because your application had an unrecoverable error @ http://localhost:3000/_next/static/chunks/ce7e3_next_dist_d1edf6fb._.js:2297
[12462672ms] [ERROR] Failed to load resource: the server responded with a status of 500 (Internal Server Error) @ http://localhost:3000/:0
[12462816ms] TypeError: Cannot read properties of undefined (reading 'length')
    at TaskBoard (http://localhost:3000/_next/static/chunks/git_coding-dashboard_src_160bf7f7._.js:1669:35)
    at Object.react_stack_bottom_frame (http://localhost:3000/_next/static/chunks/ce7e3_next_dist_compiled_react-dom_ca4da9ce._.js:14826:24)
    at renderWithHooks (http://localhost:3000/_next/static/chunks/ce7e3_next_dist_compiled_react-dom_ca4da9ce._.js:4651:24)
    at updateFunctionComponent (http://localhost:3000/_next/static/chunks/ce7e3_next_dist_compiled_react-dom_ca4da9ce._.js:6112:21)
    at beginWork (http://localhost:3000/_next/static/chunks/ce7e3_next_dist_compiled_react-dom_ca4da9ce._.js:6708:24)
    at runWithFiberInDEV (http://localhost:3000/_next/static/chunks/ce7e3_next_dist_compiled_react-dom_ca4da9ce._.js:965:74)
    at performUnitOfWork (http://localhost:3000/_next/static/chunks/ce7e3_next_dist_compiled_react-dom_ca4da9ce._.js:9562:97)
    at workLoopSync (http://localhost:3000/_next/static/chunks/ce7e3_next_dist_compiled_react-dom_ca4da9ce._.js:9456:40)
    at renderRootSync (http://localhost:3000/_next/static/chunks/ce7e3_next_dist_compiled_react-dom_ca4da9ce._.js:9440:13)
    at performWorkOnRoot (http://localhost:3000/_next/static/chunks/ce7e3_next_dist_compiled_react-dom_ca4da9ce._.js:9105:47)
    at performWorkOnRootViaSchedulerTask (http://localhost:3000/_next/static/chunks/ce7e3_next_dist_compiled_react-dom_ca4da9ce._.js:10230:9)
    at MessagePort.performWorkUntilDeadline (http://localhost:3000/_next/static/chunks/ce7e3_next_dist_compiled_ac781538._.js:2647:64)
[12465821ms] [WARNING] The resource http://localhost:3000/_next/static/chunks/%5Broot-of-the-server%5D__dc8d9a44._.css was preloaded using link preload but not used within a few seconds from the window's load event. Please make sure it has an appropriate `as` value and it is preloaded intentionally. @ http://localhost:3000/:0
[12499777ms] [WARNING] [Fast Refresh] performing full reload because your application had an unrecoverable error @ http://localhost:3000/_next/static/chunks/ce7e3_next_dist_d1edf6fb._.js:2297
[12499820ms] Error: No link element found for chunk /_next/static/chunks/%5Broot-of-the-server%5D__dc8d9a44._.css
    at http://localhost:3000/_next/static/chunks/turbopack-git_coding-dashboard_288ef23b._.js:1801:28
    at new Promise (<anonymous>)
    at Object.reloadChunk (http://localhost:3000/_next/static/chunks/turbopack-git_coding-dashboard_288ef23b._.js:1793:20)
    at applyChunkListUpdate (http://localhost:3000/_next/static/chunks/turbopack-git_coding-dashboard_288ef23b._.js:1174:46)
    at applyUpdate (http://localhost:3000/_next/static/chunks/turbopack-git_coding-dashboard_288ef23b._.js:1148:13)
    at handleApply (http://localhost:3000/_next/static/chunks/turbopack-git_coding-dashboard_288ef23b._.js:1368:17)
    at triggerUpdate (http://localhost:3000/_next/static/chunks/%5Bturbopack%5D_browser_dev_hmr-client_hmr-client_ts_c8c997ce._.js:452:9)
    at applyAggregatedUpdates (http://localhost:3000/_next/static/chunks/%5Bturbopack%5D_browser_dev_hmr-client_hmr-client_ts_c8c997ce._.js:98:9)
    at http://localhost:3000/_next/static/chunks/%5Bturbopack%5D_browser_dev_hmr-client_hmr-client_ts_c8c997ce._.js:32:21
    at processTurbopackMessage (http://localhost:3000/_next/static/chunks/ce7e3_next_dist_client_b8f2f476._.js:10950:13)
    at processMessage (http://localhost:3000/_next/static/chunks/ce7e3_next_dist_client_b8f2f476._.js:11591:17)
    at WebSocket.handleMessage (http://localhost:3000/_next/static/chunks/ce7e3_next_dist_client_b8f2f476._.js:10914:52)
[12574382ms] [ERROR] Failed to load resource: net::ERR_INCOMPLETE_CHUNKED_ENCODING @ http://localhost:3000/api/events/stream?project_id=proj-docalist:0
[12574807ms] [ERROR] Failed to load resource: net::ERR_CONNECTION_REFUSED @ http://localhost:3000/api/health:0
[12575385ms] [ERROR] WebSocket connection to 'ws://localhost:3000/_next/webpack-hmr?id=KARz32f7ZoQ4fX4tR7dmQ' failed: Error in connection establishment: net::ERR_CONNECTION_REFUSED @ http://localhost:3000/_next/static/chunks/ce7e3_next_dist_client_b8f2f476._.js:10878
[12655667ms] ReferenceError: totalTasks is not defined
    at TaskBoard (http://localhost:3000/_next/static/chunks/git_coding-dashboard_src_ef51d6a9._.js?id=%255Bproject%255D%252Fgit%252Fcoding-dashboard%252Fsrc%252Fcomponents%252Fgsd%252Ftask-board.tsx+%255Bapp-client%255D+%2528ecmascript%2529:321:25)
    at Object.react_stack_bottom_frame (http://localhost:3000/_next/static/chunks/ce7e3_next_dist_compiled_react-dom_ca4da9ce._.js:14826:24)
    at renderWithHooks (http://localhost:3000/_next/static/chunks/ce7e3_next_dist_compiled_react-dom_ca4da9ce._.js:4651:24)
    at updateFunctionComponent (http://localhost:3000/_next/static/chunks/ce7e3_next_dist_compiled_react-dom_ca4da9ce._.js:6112:21)
    at beginWork (http://localhost:3000/_next/static/chunks/ce7e3_next_dist_compiled_react-dom_ca4da9ce._.js:6708:24)
    at runWithFiberInDEV (http://localhost:3000/_next/static/chunks/ce7e3_next_dist_compiled_react-dom_ca4da9ce._.js:965:74)
    at performUnitOfWork (http://localhost:3000/_next/static/chunks/ce7e3_next_dist_compiled_react-dom_ca4da9ce._.js:9562:97)
    at workLoopSync (http://localhost:3000/_next/static/chunks/ce7e3_next_dist_compiled_react-dom_ca4da9ce._.js:9456:40)
    at renderRootSync (http://localhost:3000/_next/static/chunks/ce7e3_next_dist_compiled_react-dom_ca4da9ce._.js:9440:13)
    at performWorkOnRoot (http://localhost:3000/_next/static/chunks/ce7e3_next_dist_compiled_react-dom_ca4da9ce._.js:9105:47)
    at performSyncWorkOnRoot (http://localhost:3000/_next/static/chunks/ce7e3_next_dist_compiled_react-dom_ca4da9ce._.js:10238:9)
    at flushSyncWorkAcrossRoots_impl (http://localhost:3000/_next/static/chunks/ce7e3_next_dist_compiled_react-dom_ca4da9ce._.js:10154:316)
    at flushSyncWork$1 (http://localhost:3000/_next/static/chunks/ce7e3_next_dist_compiled_react-dom_ca4da9ce._.js:9237:86)
    at Object.scheduleRefresh (http://localhost:3000/_next/static/chunks/ce7e3_next_dist_compiled_react-dom_ca4da9ce._.js:299:13)
    at http://localhost:3000/_next/static/chunks/ce7e3_next_dist_compiled_ac781538._.js:391:33
    at Set.forEach (<anonymous>)
    at Object.performReactRefresh (http://localhost:3000/_next/static/chunks/ce7e3_next_dist_compiled_ac781538._.js:384:38)
    at applyUpdate (http://localhost:3000/_next/static/chunks/ce7e3_next_dist_compiled_ac781538._.js:878:31)
    at http://localhost:3000/_next/static/chunks/ce7e3_next_dist_compiled_ac781538._.js:886:13
[12659787ms] [WARNING] [Fast Refresh] performing full reload because your application had an unrecoverable error @ http://localhost:3000/_next/static/chunks/ce7e3_next_dist_d1edf6fb._.js:2297
[12672259ms] [WARNING] Warning: Missing `Description` or `aria-describedby={undefined}` for {DialogContent}. @ http://localhost:3000/_next/static/chunks/ce7e3_next_dist_d1edf6fb._.js:2297
[12672260ms] [WARNING] Warning: Missing `Description` or `aria-describedby={undefined}` for {DialogContent}. @ http://localhost:3000/_next/static/chunks/ce7e3_next_dist_d1edf6fb._.js:2297
[12712017ms] [WARNING] Warning: Missing `Description` or `aria-describedby={undefined}` for {DialogContent}. @ http://localhost:3000/_next/static/chunks/ce7e3_next_dist_d1edf6fb._.js:2297
[12712018ms] [WARNING] Warning: Missing `Description` or `aria-describedby={undefined}` for {DialogContent}. @ http://localhost:3000/_next/static/chunks/ce7e3_next_dist_d1edf6fb._.js:2297
[12944162ms] Error: Objects are not valid as a React child (found: object with keys {type, text}). If you meant to render a collection of children, use an array instead.
    at throwOnInvalidObjectTypeImpl (http://localhost:3000/_next/static/chunks/ce7e3_next_dist_compiled_react-dom_ca4da9ce._.js:3951:15)
    at throwOnInvalidObjectType (http://localhost:3000/_next/static/chunks/ce7e3_next_dist_compiled_react-dom_ca4da9ce._.js:3955:110)
    at createChild (http://localhost:3000/_next/static/chunks/ce7e3_next_dist_compiled_react-dom_ca4da9ce._.js:4058:17)
    at reconcileChildrenArray (http://localhost:3000/_next/static/chunks/ce7e3_next_dist_compiled_react-dom_ca4da9ce._.js:4158:72)
    at reconcileChildFibersImpl (http://localhost:3000/_next/static/chunks/ce7e3_next_dist_compiled_react-dom_ca4da9ce._.js:4265:117)
    at http://localhost:3000/_next/static/chunks/ce7e3_next_dist_compiled_react-dom_ca4da9ce._.js:4292:39
    at reconcileChildren (http://localhost:3000/_next/static/chunks/ce7e3_next_dist_compiled_react-dom_ca4da9ce._.js:5929:51)
    at beginWork (http://localhost:3000/_next/static/chunks/ce7e3_next_dist_compiled_react-dom_ca4da9ce._.js:6785:101)
    at runWithFiberInDEV (http://localhost:3000/_next/static/chunks/ce7e3_next_dist_compiled_react-dom_ca4da9ce._.js:965:74)
    at performUnitOfWork (http://localhost:3000/_next/static/chunks/ce7e3_next_dist_compiled_react-dom_ca4da9ce._.js:9562:97)
    at workLoopSync (http://localhost:3000/_next/static/chunks/ce7e3_next_dist_compiled_react-dom_ca4da9ce._.js:9456:40)
    at renderRootSync (http://localhost:3000/_next/static/chunks/ce7e3_next_dist_compiled_react-dom_ca4da9ce._.js:9440:13)
    at performWorkOnRoot (http://localhost:3000/_next/static/chunks/ce7e3_next_dist_compiled_react-dom_ca4da9ce._.js:9105:47)
    at performWorkOnRootViaSchedulerTask (http://localhost:3000/_next/static/chunks/ce7e3_next_dist_compiled_react-dom_ca4da9ce._.js:10230:9)
    at MessagePort.performWorkUntilDeadline (http://localhost:3000/_next/static/chunks/ce7e3_next_dist_compiled_ac781538._.js:2647:64)
[12948806ms] Error: Objects are not valid as a React child (found: object with keys {text, type}). If you meant to render a collection of children, use an array instead.
    at throwOnInvalidObjectTypeImpl (http://localhost:3000/_next/static/chunks/ce7e3_next_dist_compiled_react-dom_ca4da9ce._.js:3951:15)
    at throwOnInvalidObjectType (http://localhost:3000/_next/static/chunks/ce7e3_next_dist_compiled_react-dom_ca4da9ce._.js:3955:110)
    at createChild (http://localhost:3000/_next/static/chunks/ce7e3_next_dist_compiled_react-dom_ca4da9ce._.js:4058:17)
    at reconcileChildrenArray (http://localhost:3000/_next/static/chunks/ce7e3_next_dist_compiled_react-dom_ca4da9ce._.js:4158:72)
    at reconcileChildFibersImpl (http://localhost:3000/_next/static/chunks/ce7e3_next_dist_compiled_react-dom_ca4da9ce._.js:4265:117)
    at http://localhost:3000/_next/static/chunks/ce7e3_next_dist_compiled_react-dom_ca4da9ce._.js:4292:39
    at reconcileChildren (http://localhost:3000/_next/static/chunks/ce7e3_next_dist_compiled_react-dom_ca4da9ce._.js:5929:51)
    at beginWork (http://localhost:3000/_next/static/chunks/ce7e3_next_dist_compiled_react-dom_ca4da9ce._.js:6785:101)
    at runWithFiberInDEV (http://localhost:3000/_next/static/chunks/ce7e3_next_dist_compiled_react-dom_ca4da9ce._.js:965:74)
    at performUnitOfWork (http://localhost:3000/_next/static/chunks/ce7e3_next_dist_compiled_react-dom_ca4da9ce._.js:9562:97)
    at workLoopSync (http://localhost:3000/_next/static/chunks/ce7e3_next_dist_compiled_react-dom_ca4da9ce._.js:9456:40)
    at renderRootSync (http://localhost:3000/_next/static/chunks/ce7e3_next_dist_compiled_react-dom_ca4da9ce._.js:9440:13)
    at performWorkOnRoot (http://localhost:3000/_next/static/chunks/ce7e3_next_dist_compiled_react-dom_ca4da9ce._.js:9105:47)
    at performWorkOnRootViaSchedulerTask (http://localhost:3000/_next/static/chunks/ce7e3_next_dist_compiled_react-dom_ca4da9ce._.js:10230:9)
    at MessagePort.performWorkUntilDeadline (http://localhost:3000/_next/static/chunks/ce7e3_next_dist_compiled_ac781538._.js:2647:64)
[12970576ms] [WARNING] [Fast Refresh] performing full reload because your application had an unrecoverable error @ http://localhost:3000/_next/static/chunks/ce7e3_next_dist_d1edf6fb._.js:2297
[12971069ms] Error: Objects are not valid as a React child (found: object with keys {text, type}). If you meant to render a collection of children, use an array instead.
    at throwOnInvalidObjectTypeImpl (http://localhost:3000/_next/static/chunks/ce7e3_next_dist_compiled_react-dom_ca4da9ce._.js:3951:15)
    at throwOnInvalidObjectType (http://localhost:3000/_next/static/chunks/ce7e3_next_dist_compiled_react-dom_ca4da9ce._.js:3955:110)
    at createChild (http://localhost:3000/_next/static/chunks/ce7e3_next_dist_compiled_react-dom_ca4da9ce._.js:4058:17)
    at reconcileChildrenArray (http://localhost:3000/_next/static/chunks/ce7e3_next_dist_compiled_react-dom_ca4da9ce._.js:4158:72)
    at reconcileChildFibersImpl (http://localhost:3000/_next/static/chunks/ce7e3_next_dist_compiled_react-dom_ca4da9ce._.js:4265:117)
    at http://localhost:3000/_next/static/chunks/ce7e3_next_dist_compiled_react-dom_ca4da9ce._.js:4292:39
    at reconcileChildren (http://localhost:3000/_next/static/chunks/ce7e3_next_dist_compiled_react-dom_ca4da9ce._.js:5929:51)
    at beginWork (http://localhost:3000/_next/static/chunks/ce7e3_next_dist_compiled_react-dom_ca4da9ce._.js:6785:101)
    at runWithFiberInDEV (http://localhost:3000/_next/static/chunks/ce7e3_next_dist_compiled_react-dom_ca4da9ce._.js:965:74)
    at performUnitOfWork (http://localhost:3000/_next/static/chunks/ce7e3_next_dist_compiled_react-dom_ca4da9ce._.js:9562:97)
    at workLoopSync (http://localhost:3000/_next/static/chunks/ce7e3_next_dist_compiled_react-dom_ca4da9ce._.js:9456:40)
    at renderRootSync (http://localhost:3000/_next/static/chunks/ce7e3_next_dist_compiled_react-dom_ca4da9ce._.js:9440:13)
    at performWorkOnRoot (http://localhost:3000/_next/static/chunks/ce7e3_next_dist_compiled_react-dom_ca4da9ce._.js:9105:47)
    at performWorkOnRootViaSchedulerTask (http://localhost:3000/_next/static/chunks/ce7e3_next_dist_compiled_react-dom_ca4da9ce._.js:10230:9)
    at MessagePort.performWorkUntilDeadline (http://localhost:3000/_next/static/chunks/ce7e3_next_dist_compiled_ac781538._.js:2647:64)
[12975361ms] [WARNING] [Fast Refresh] performing full reload because your application had an unrecoverable error @ http://localhost:3000/_next/static/chunks/ce7e3_next_dist_d1edf6fb._.js:2297
[12975829ms] Error: Objects are not valid as a React child (found: object with keys {text, type}). If you meant to render a collection of children, use an array instead.
    at throwOnInvalidObjectTypeImpl (http://localhost:3000/_next/static/chunks/ce7e3_next_dist_compiled_react-dom_ca4da9ce._.js:3951:15)
    at throwOnInvalidObjectType (http://localhost:3000/_next/static/chunks/ce7e3_next_dist_compiled_react-dom_ca4da9ce._.js:3955:110)
    at createChild (http://localhost:3000/_next/static/chunks/ce7e3_next_dist_compiled_react-dom_ca4da9ce._.js:4058:17)
    at reconcileChildrenArray (http://localhost:3000/_next/static/chunks/ce7e3_next_dist_compiled_react-dom_ca4da9ce._.js:4158:72)
    at reconcileChildFibersImpl (http://localhost:3000/_next/static/chunks/ce7e3_next_dist_compiled_react-dom_ca4da9ce._.js:4265:117)
    at http://localhost:3000/_next/static/chunks/ce7e3_next_dist_compiled_react-dom_ca4da9ce._.js:4292:39
    at reconcileChildren (http://localhost:3000/_next/static/chunks/ce7e3_next_dist_compiled_react-dom_ca4da9ce._.js:5929:51)
    at beginWork (http://localhost:3000/_next/static/chunks/ce7e3_next_dist_compiled_react-dom_ca4da9ce._.js:6785:101)
    at runWithFiberInDEV (http://localhost:3000/_next/static/chunks/ce7e3_next_dist_compiled_react-dom_ca4da9ce._.js:965:74)
    at performUnitOfWork (http://localhost:3000/_next/static/chunks/ce7e3_next_dist_compiled_react-dom_ca4da9ce._.js:9562:97)
    at workLoopSync (http://localhost:3000/_next/static/chunks/ce7e3_next_dist_compiled_react-dom_ca4da9ce._.js:9456:40)
    at renderRootSync (http://localhost:3000/_next/static/chunks/ce7e3_next_dist_compiled_react-dom_ca4da9ce._.js:9440:13)
    at performWorkOnRoot (http://localhost:3000/_next/static/chunks/ce7e3_next_dist_compiled_react-dom_ca4da9ce._.js:9105:47)
    at performWorkOnRootViaSchedulerTask (http://localhost:3000/_next/static/chunks/ce7e3_next_dist_compiled_react-dom_ca4da9ce._.js:10230:9)
    at MessagePort.performWorkUntilDeadline (http://localhost:3000/_next/static/chunks/ce7e3_next_dist_compiled_ac781538._.js:2647:64)
[12996663ms] [WARNING] [Fast Refresh] performing full reload because your application had an unrecoverable error @ http://localhost:3000/_next/static/chunks/ce7e3_next_dist_d1edf6fb._.js:2297
[12997119ms] Error: Objects are not valid as a React child (found: object with keys {text, type}). If you meant to render a collection of children, use an array instead.
    at throwOnInvalidObjectTypeImpl (http://localhost:3000/_next/static/chunks/ce7e3_next_dist_compiled_react-dom_ca4da9ce._.js:3951:15)
    at throwOnInvalidObjectType (http://localhost:3000/_next/static/chunks/ce7e3_next_dist_compiled_react-dom_ca4da9ce._.js:3955:110)
    at createChild (http://localhost:3000/_next/static/chunks/ce7e3_next_dist_compiled_react-dom_ca4da9ce._.js:4058:17)
    at reconcileChildrenArray (http://localhost:3000/_next/static/chunks/ce7e3_next_dist_compiled_react-dom_ca4da9ce._.js:4158:72)
    at reconcileChildFibersImpl (http://localhost:3000/_next/static/chunks/ce7e3_next_dist_compiled_react-dom_ca4da9ce._.js:4265:117)
    at http://localhost:3000/_next/static/chunks/ce7e3_next_dist_compiled_react-dom_ca4da9ce._.js:4292:39
    at reconcileChildren (http://localhost:3000/_next/static/chunks/ce7e3_next_dist_compiled_react-dom_ca4da9ce._.js:5929:51)
    at beginWork (http://localhost:3000/_next/static/chunks/ce7e3_next_dist_compiled_react-dom_ca4da9ce._.js:6785:101)
    at runWithFiberInDEV (http://localhost:3000/_next/static/chunks/ce7e3_next_dist_compiled_react-dom_ca4da9ce._.js:965:74)
    at performUnitOfWork (http://localhost:3000/_next/static/chunks/ce7e3_next_dist_compiled_react-dom_ca4da9ce._.js:9562:97)
    at workLoopSync (http://localhost:3000/_next/static/chunks/ce7e3_next_dist_compiled_react-dom_ca4da9ce._.js:9456:40)
    at renderRootSync (http://localhost:3000/_next/static/chunks/ce7e3_next_dist_compiled_react-dom_ca4da9ce._.js:9440:13)
    at performWorkOnRoot (http://localhost:3000/_next/static/chunks/ce7e3_next_dist_compiled_react-dom_ca4da9ce._.js:9105:47)
    at performWorkOnRootViaSchedulerTask (http://localhost:3000/_next/static/chunks/ce7e3_next_dist_compiled_react-dom_ca4da9ce._.js:10230:9)
    at MessagePort.performWorkUntilDeadline (http://localhost:3000/_next/static/chunks/ce7e3_next_dist_compiled_ac781538._.js:2647:64)
[13000969ms] [WARNING] [Fast Refresh] performing full reload because your application had an unrecoverable error @ http://localhost:3000/_next/static/chunks/ce7e3_next_dist_d1edf6fb._.js:2297
[13001407ms] Error: Objects are not valid as a React child (found: object with keys {text, type}). If you meant to render a collection of children, use an array instead.
    at throwOnInvalidObjectTypeImpl (http://localhost:3000/_next/static/chunks/ce7e3_next_dist_compiled_react-dom_ca4da9ce._.js:3951:15)
    at throwOnInvalidObjectType (http://localhost:3000/_next/static/chunks/ce7e3_next_dist_compiled_react-dom_ca4da9ce._.js:3955:110)
    at createChild (http://localhost:3000/_next/static/chunks/ce7e3_next_dist_compiled_react-dom_ca4da9ce._.js:4058:17)
    at reconcileChildrenArray (http://localhost:3000/_next/static/chunks/ce7e3_next_dist_compiled_react-dom_ca4da9ce._.js:4158:72)
    at reconcileChildFibersImpl (http://localhost:3000/_next/static/chunks/ce7e3_next_dist_compiled_react-dom_ca4da9ce._.js:4265:117)
    at http://localhost:3000/_next/static/chunks/ce7e3_next_dist_compiled_react-dom_ca4da9ce._.js:4292:39
    at reconcileChildren (http://localhost:3000/_next/static/chunks/ce7e3_next_dist_compiled_react-dom_ca4da9ce._.js:5929:51)
    at beginWork (http://localhost:3000/_next/static/chunks/ce7e3_next_dist_compiled_react-dom_ca4da9ce._.js:6785:101)
    at runWithFiberInDEV (http://localhost:3000/_next/static/chunks/ce7e3_next_dist_compiled_react-dom_ca4da9ce._.js:965:74)
    at performUnitOfWork (http://localhost:3000/_next/static/chunks/ce7e3_next_dist_compiled_react-dom_ca4da9ce._.js:9562:97)
    at workLoopSync (http://localhost:3000/_next/static/chunks/ce7e3_next_dist_compiled_react-dom_ca4da9ce._.js:9456:40)
    at renderRootSync (http://localhost:3000/_next/static/chunks/ce7e3_next_dist_compiled_react-dom_ca4da9ce._.js:9440:13)
    at performWorkOnRoot (http://localhost:3000/_next/static/chunks/ce7e3_next_dist_compiled_react-dom_ca4da9ce._.js:9105:47)
    at performWorkOnRootViaSchedulerTask (http://localhost:3000/_next/static/chunks/ce7e3_next_dist_compiled_react-dom_ca4da9ce._.js:10230:9)
    at MessagePort.performWorkUntilDeadline (http://localhost:3000/_next/static/chunks/ce7e3_next_dist_compiled_ac781538._.js:2647:64)
[13005719ms] [WARNING] [Fast Refresh] performing full reload because your application had an unrecoverable error @ http://localhost:3000/_next/static/chunks/ce7e3_next_dist_d1edf6fb._.js:2297
[13812434ms] [WARNING] Warning: Missing `Description` or `aria-describedby={undefined}` for {DialogContent}. @ http://localhost:3000/_next/static/chunks/ce7e3_next_dist_d1edf6fb._.js:2297
[13812436ms] [WARNING] Warning: Missing `Description` or `aria-describedby={undefined}` for {DialogContent}. @ http://localhost:3000/_next/static/chunks/ce7e3_next_dist_d1edf6fb._.js:2297
[13817118ms] [WARNING] Warning: Missing `Description` or `aria-describedby={undefined}` for {DialogContent}. @ http://localhost:3000/_next/static/chunks/ce7e3_next_dist_d1edf6fb._.js:2297
[13817119ms] [WARNING] Warning: Missing `Description` or `aria-describedby={undefined}` for {DialogContent}. @ http://localhost:3000/_next/static/chunks/ce7e3_next_dist_d1edf6fb._.js:2297
[13833671ms] [WARNING] Warning: Missing `Description` or `aria-describedby={undefined}` for {DialogContent}. @ http://localhost:3000/_next/static/chunks/ce7e3_next_dist_d1edf6fb._.js:2297
[13833672ms] [WARNING] Warning: Missing `Description` or `aria-describedby={undefined}` for {DialogContent}. @ http://localhost:3000/_next/static/chunks/ce7e3_next_dist_d1edf6fb._.js:2297
[13886242ms] [WARNING] Warning: Missing `Description` or `aria-describedby={undefined}` for {DialogContent}. @ http://localhost:3000/_next/static/chunks/ce7e3_next_dist_d1edf6fb._.js:2297
[13886244ms] [WARNING] Warning: Missing `Description` or `aria-describedby={undefined}` for {DialogContent}. @ http://localhost:3000/_next/static/chunks/ce7e3_next_dist_d1edf6fb._.js:2297
[13893505ms] [ERROR] Failed to load resource: net::ERR_INCOMPLETE_CHUNKED_ENCODING @ http://localhost:3000/api/events/stream?:0
[13894508ms] [ERROR] WebSocket connection to 'ws://localhost:3000/_next/webpack-hmr?id=nVtJmL3jLP0XmlQZ7uyXc' failed: Error in connection establishment: net::ERR_CONNECTION_REFUSED @ http://localhost:3000/_next/static/chunks/ce7e3_next_dist_client_b8f2f476._.js:10878
[13895332ms] [ERROR] Failed to load resource: net::ERR_CONNECTION_REFUSED @ http://localhost:3000/api/health:0
[13899355ms] [WARNING] Warning: Missing `Description` or `aria-describedby={undefined}` for {DialogContent}. @ http://localhost:3000/_next/static/chunks/ce7e3_next_dist_d1edf6fb._.js:2297
[13899357ms] [WARNING] Warning: Missing `Description` or `aria-describedby={undefined}` for {DialogContent}. @ http://localhost:3000/_next/static/chunks/ce7e3_next_dist_d1edf6fb._.js:2297
[14356508ms] [WARNING] Warning: Missing `Description` or `aria-describedby={undefined}` for {DialogContent}. @ http://localhost:3000/_next/static/chunks/ce7e3_next_dist_d1edf6fb._.js:2297
[14356510ms] [WARNING] Warning: Missing `Description` or `aria-describedby={undefined}` for {DialogContent}. @ http://localhost:3000/_next/static/chunks/ce7e3_next_dist_d1edf6fb._.js:2297
[14514086ms] [WARNING] Warning: Missing `Description` or `aria-describedby={undefined}` for {DialogContent}. @ http://localhost:3000/_next/static/chunks/ce7e3_next_dist_d1edf6fb._.js:2297
[14514088ms] [WARNING] Warning: Missing `Description` or `aria-describedby={undefined}` for {DialogContent}. @ http://localhost:3000/_next/static/chunks/ce7e3_next_dist_d1edf6fb._.js:2297
[14910465ms] [ERROR] ./git/coding-dashboard/src/components/chat/chat-panel.tsx:234:22
Parsing ecmascript source code failed
  232 |             <div ref={bottomRef} />
  233 |           </div>
> 234 |         </ScrollArea>
      |                      ^
> 235 |         <ChatInput
      | ^^^^^^^^^
  236 |           onSend={handleSend}
  237 |           onAbort={handleAbort}
  238 |           isStreaming={isStreaming}

Expected '</', got 'jsx text'

Import traces:
  Client Component Browser:
    ./git/coding-dashboard/src/components/chat/chat-panel.tsx [Client Component Browser]
    ./git/coding-dashboard/src/components/layout/dashboard-shell.tsx [Client Component Browser]
    ./git/coding-dashboard/src/app/page.tsx [Client Component Browser]
    ./git/coding-dashboard/src/app/page.tsx [Server Component]

  Client Component SSR:
    ./git/coding-dashboard/src/components/chat/chat-panel.tsx [Client Component SSR]
    ./git/coding-dashboard/src/components/layout/dashboard-shell.tsx [Client Component SSR]
    ./git/coding-dashboard/src/app/page.tsx [Client Component SSR]
    ./git/coding-dashboard/src/app/page.tsx [Server Component] @ http://localhost:3000/_next/static/chunks/ce7e3_next_dist_d1edf6fb._.js:3127
[14910500ms] [ERROR] ./git/coding-dashboard/src/components/chat/chat-panel.tsx:234:22
Parsing ecmascript source code failed
  232 |             <div ref={bottomRef} />
  233 |           </div>
> 234 |         </ScrollArea>
      |                      ^
> 235 |         <ChatInput
      | ^^^^^^^^^
  236 |           onSend={handleSend}
  237 |           onAbort={handleAbort}
  238 |           isStreaming={isStreaming}

Expected '</', got 'jsx text'

Import traces:
  Client Component Browser:
    ./git/coding-dashboard/src/components/chat/chat-panel.tsx [Client Component Browser]
    ./git/coding-dashboard/src/components/layout/dashboard-shell.tsx [Client Component Browser]
    ./git/coding-dashboard/src/app/page.tsx [Client Component Browser]
    ./git/coding-dashboard/src/app/page.tsx [Server Component]

  Client Component SSR:
    ./git/coding-dashboard/src/components/chat/chat-panel.tsx [Client Component SSR]
    ./git/coding-dashboard/src/components/layout/dashboard-shell.tsx [Client Component SSR]
    ./git/coding-dashboard/src/app/page.tsx [Client Component SSR]
    ./git/coding-dashboard/src/app/page.tsx [Server Component] @ http://localhost:3000/_next/static/chunks/ce7e3_next_dist_d1edf6fb._.js:3127
[14911047ms] [ERROR] ./git/coding-dashboard/src/components/chat/chat-panel.tsx:234:22
Parsing ecmascript source code failed
  232 |             <div ref={bottomRef} />
  233 |           </div>
> 234 |         </ScrollArea>
      |                      ^
> 235 |         <ChatInput
      | ^^^^^^^^^
  236 |           onSend={handleSend}
  237 |           onAbort={handleAbort}
  238 |           isStreaming={isStreaming}

Expected '</', got 'jsx text'

Import traces:
  Client Component Browser:
    ./git/coding-dashboard/src/components/chat/chat-panel.tsx [Client Component Browser]
    ./git/coding-dashboard/src/components/layout/dashboard-shell.tsx [Client Component Browser]
    ./git/coding-dashboard/src/app/page.tsx [Client Component Browser]
    ./git/coding-dashboard/src/app/page.tsx [Server Component]

  Client Component SSR:
    ./git/coding-dashboard/src/components/chat/chat-panel.tsx [Client Component SSR]
    ./git/coding-dashboard/src/components/layout/dashboard-shell.tsx [Client Component SSR]
    ./git/coding-dashboard/src/app/page.tsx [Client Component SSR]
    ./git/coding-dashboard/src/app/page.tsx [Server Component] @ http://localhost:3000/_next/static/chunks/ce7e3_next_dist_d1edf6fb._.js:3127
[14911355ms] [ERROR] ./git/coding-dashboard/src/components/chat/chat-panel.tsx:234:22
Parsing ecmascript source code failed
  232 |             <div ref={bottomRef} />
  233 |           </div>
> 234 |         </ScrollArea>
      |                      ^
> 235 |         <ChatInput
      | ^^^^^^^^^
  236 |           onSend={handleSend}
  237 |           onAbort={handleAbort}
  238 |           isStreaming={isStreaming}

Expected '</', got 'jsx text'

Import traces:
  Client Component Browser:
    ./git/coding-dashboard/src/components/chat/chat-panel.tsx [Client Component Browser]
    ./git/coding-dashboard/src/components/layout/dashboard-shell.tsx [Client Component Browser]
    ./git/coding-dashboard/src/app/page.tsx [Client Component Browser]
    ./git/coding-dashboard/src/app/page.tsx [Server Component]

  Client Component SSR:
    ./git/coding-dashboard/src/components/chat/chat-panel.tsx [Client Component SSR]
    ./git/coding-dashboard/src/components/layout/dashboard-shell.tsx [Client Component SSR]
    ./git/coding-dashboard/src/app/page.tsx [Client Component SSR]
    ./git/coding-dashboard/src/app/page.tsx [Server Component] @ http://localhost:3000/_next/static/chunks/ce7e3_next_dist_d1edf6fb._.js:3127
[14911419ms] [ERROR] ./git/coding-dashboard/src/components/chat/chat-panel.tsx:234:22
Parsing ecmascript source code failed
  232 |             <div ref={bottomRef} />
  233 |           </div>
> 234 |         </ScrollArea>
      |                      ^
> 235 |         <ChatInput
      | ^^^^^^^^^
  236 |           onSend={handleSend}
  237 |           onAbort={handleAbort}
  238 |           isStreaming={isStreaming}

Expected '</', got 'jsx text'

Import traces:
  Client Component Browser:
    ./git/coding-dashboard/src/components/chat/chat-panel.tsx [Client Component Browser]
    ./git/coding-dashboard/src/components/layout/dashboard-shell.tsx [Client Component Browser]
    ./git/coding-dashboard/src/app/page.tsx [Client Component Browser]
    ./git/coding-dashboard/src/app/page.tsx [Server Component]

  Client Component SSR:
    ./git/coding-dashboard/src/components/chat/chat-panel.tsx [Client Component SSR]
    ./git/coding-dashboard/src/components/layout/dashboard-shell.tsx [Client Component SSR]
    ./git/coding-dashboard/src/app/page.tsx [Client Component SSR]
    ./git/coding-dashboard/src/app/page.tsx [Server Component] @ http://localhost:3000/_next/static/chunks/ce7e3_next_dist_d1edf6fb._.js:3127
[14911665ms] [ERROR] ./git/coding-dashboard/src/components/chat/chat-panel.tsx:234:22
Parsing ecmascript source code failed
  232 |             <div ref={bottomRef} />
  233 |           </div>
> 234 |         </ScrollArea>
      |                      ^
> 235 |         <ChatInput
      | ^^^^^^^^^
  236 |           onSend={handleSend}
  237 |           onAbort={handleAbort}
  238 |           isStreaming={isStreaming}

Expected '</', got 'jsx text'

Import traces:
  Client Component Browser:
    ./git/coding-dashboard/src/components/chat/chat-panel.tsx [Client Component Browser]
    ./git/coding-dashboard/src/components/layout/dashboard-shell.tsx [Client Component Browser]
    ./git/coding-dashboard/src/app/page.tsx [Client Component Browser]
    ./git/coding-dashboard/src/app/page.tsx [Server Component]

  Client Component SSR:
    ./git/coding-dashboard/src/components/chat/chat-panel.tsx [Client Component SSR]
    ./git/coding-dashboard/src/components/layout/dashboard-shell.tsx [Client Component SSR]
    ./git/coding-dashboard/src/app/page.tsx [Client Component SSR]
    ./git/coding-dashboard/src/app/page.tsx [Server Component] @ http://localhost:3000/_next/static/chunks/ce7e3_next_dist_d1edf6fb._.js:3127
[14911666ms] [ERROR] Failed to load resource: the server responded with a status of 500 (Internal Server Error) @ http://localhost:3000/api/health:0
[14913029ms] [ERROR] Failed to load resource: the server responded with a status of 500 (Internal Server Error) @ http://localhost:3000/api/health:0
[14913054ms] [ERROR] ./git/coding-dashboard/src/components/chat/chat-panel.tsx:234:22
Parsing ecmascript source code failed
  232 |             <div ref={bottomRef} />
  233 |           </div>
> 234 |         </ScrollArea>
      |                      ^
> 235 |         <ChatInput
      | ^^^^^^^^^
  236 |           onSend={handleSend}
  237 |           onAbort={handleAbort}
  238 |           isStreaming={isStreaming}

Expected '</', got 'jsx text'

Import traces:
  Client Component Browser:
    ./git/coding-dashboard/src/components/chat/chat-panel.tsx [Client Component Browser]
    ./git/coding-dashboard/src/components/layout/dashboard-shell.tsx [Client Component Browser]
    ./git/coding-dashboard/src/app/page.tsx [Client Component Browser]
    ./git/coding-dashboard/src/app/page.tsx [Server Component]

  Client Component SSR:
    ./git/coding-dashboard/src/components/chat/chat-panel.tsx [Client Component SSR]
    ./git/coding-dashboard/src/components/layout/dashboard-shell.tsx [Client Component SSR]
    ./git/coding-dashboard/src/app/page.tsx [Client Component SSR]
    ./git/coding-dashboard/src/app/page.tsx [Server Component] @ http://localhost:3000/_next/static/chunks/ce7e3_next_dist_d1edf6fb._.js:3127
[16582020ms] [WARNING] Warning: Missing `Description` or `aria-describedby={undefined}` for {DialogContent}. @ http://localhost:3000/_next/static/chunks/ce7e3_next_dist_d1edf6fb._.js:2297
[16582022ms] [WARNING] Warning: Missing `Description` or `aria-describedby={undefined}` for {DialogContent}. @ http://localhost:3000/_next/static/chunks/ce7e3_next_dist_d1edf6fb._.js:2297
[17272019ms] ReferenceError: extractText is not defined
    at ChatPanel.useMemo[liveMessages] (http://localhost:3000/_next/static/chunks/git_coding-dashboard_src_61203d49._.js?id=%255Bproject%255D%252Fgit%252Fcoding-dashboard%252Fsrc%252Fcomponents%252Fchat%252Fchat-panel.tsx+%255Bapp-client%255D+%2528ecmascript%2529:160:44)
    at updateMemo (http://localhost:3000/_next/static/chunks/ce7e3_next_dist_compiled_react-dom_ca4da9ce._.js:5444:21)
    at Object.useMemo (http://localhost:3000/_next/static/chunks/ce7e3_next_dist_compiled_react-dom_ca4da9ce._.js:15255:24)
    at exports.useMemo (http://localhost:3000/_next/static/chunks/ce7e3_next_dist_compiled_ac781538._.js:1742:36)
    at ChatPanel (http://localhost:3000/_next/static/chunks/git_coding-dashboard_src_61203d49._.js?id=%255Bproject%255D%252Fgit%252Fcoding-dashboard%252Fsrc%252Fcomponents%252Fchat%252Fchat-panel.tsx+%255Bapp-client%255D+%2528ecmascript%2529:123:229)
    at Object.react_stack_bottom_frame (http://localhost:3000/_next/static/chunks/ce7e3_next_dist_compiled_react-dom_ca4da9ce._.js:14826:24)
    at renderWithHooks (http://localhost:3000/_next/static/chunks/ce7e3_next_dist_compiled_react-dom_ca4da9ce._.js:4651:24)
    at updateFunctionComponent (http://localhost:3000/_next/static/chunks/ce7e3_next_dist_compiled_react-dom_ca4da9ce._.js:6112:21)
    at beginWork (http://localhost:3000/_next/static/chunks/ce7e3_next_dist_compiled_react-dom_ca4da9ce._.js:6708:24)
    at runWithFiberInDEV (http://localhost:3000/_next/static/chunks/ce7e3_next_dist_compiled_react-dom_ca4da9ce._.js:965:74)
    at performUnitOfWork (http://localhost:3000/_next/static/chunks/ce7e3_next_dist_compiled_react-dom_ca4da9ce._.js:9562:97)
    at workLoopSync (http://localhost:3000/_next/static/chunks/ce7e3_next_dist_compiled_react-dom_ca4da9ce._.js:9456:40)
    at renderRootSync (http://localhost:3000/_next/static/chunks/ce7e3_next_dist_compiled_react-dom_ca4da9ce._.js:9440:13)
    at performWorkOnRoot (http://localhost:3000/_next/static/chunks/ce7e3_next_dist_compiled_react-dom_ca4da9ce._.js:9105:47)
    at performSyncWorkOnRoot (http://localhost:3000/_next/static/chunks/ce7e3_next_dist_compiled_react-dom_ca4da9ce._.js:10238:9)
    at flushSyncWorkAcrossRoots_impl (http://localhost:3000/_next/static/chunks/ce7e3_next_dist_compiled_react-dom_ca4da9ce._.js:10154:316)
    at flushSyncWork$1 (http://localhost:3000/_next/static/chunks/ce7e3_next_dist_compiled_react-dom_ca4da9ce._.js:9237:86)
    at Object.scheduleRefresh (http://localhost:3000/_next/static/chunks/ce7e3_next_dist_compiled_react-dom_ca4da9ce._.js:299:13)
    at http://localhost:3000/_next/static/chunks/ce7e3_next_dist_compiled_ac781538._.js:391:33
    at Set.forEach (<anonymous>)
    at Object.performReactRefresh (http://localhost:3000/_next/static/chunks/ce7e3_next_dist_compiled_ac781538._.js:384:38)
    at applyUpdate (http://localhost:3000/_next/static/chunks/ce7e3_next_dist_compiled_ac781538._.js:878:31)
    at http://localhost:3000/_next/static/chunks/ce7e3_next_dist_compiled_ac781538._.js:886:13
[17288235ms] [WARNING] [Fast Refresh] performing full reload because your application had an unrecoverable error @ http://localhost:3000/_next/static/chunks/ce7e3_next_dist_d1edf6fb._.js:2297
[17288805ms] ReferenceError: extractText is not defined
    at ChatPanel.useMemo[liveMessages] (http://localhost:3000/_next/static/chunks/git_coding-dashboard_src_61203d49._.js:2419:25)
    at updateMemo (http://localhost:3000/_next/static/chunks/ce7e3_next_dist_compiled_react-dom_ca4da9ce._.js:5444:21)
    at Object.useMemo (http://localhost:3000/_next/static/chunks/ce7e3_next_dist_compiled_react-dom_ca4da9ce._.js:15255:24)
    at exports.useMemo (http://localhost:3000/_next/static/chunks/ce7e3_next_dist_compiled_ac781538._.js:1742:36)
    at ChatPanel (http://localhost:3000/_next/static/chunks/git_coding-dashboard_src_61203d49._.js:2382:229)
    at Object.react_stack_bottom_frame (http://localhost:3000/_next/static/chunks/ce7e3_next_dist_compiled_react-dom_ca4da9ce._.js:14826:24)
    at renderWithHooks (http://localhost:3000/_next/static/chunks/ce7e3_next_dist_compiled_react-dom_ca4da9ce._.js:4651:24)
    at updateFunctionComponent (http://localhost:3000/_next/static/chunks/ce7e3_next_dist_compiled_react-dom_ca4da9ce._.js:6112:21)
    at beginWork (http://localhost:3000/_next/static/chunks/ce7e3_next_dist_compiled_react-dom_ca4da9ce._.js:6708:24)
    at runWithFiberInDEV (http://localhost:3000/_next/static/chunks/ce7e3_next_dist_compiled_react-dom_ca4da9ce._.js:965:74)
    at performUnitOfWork (http://localhost:3000/_next/static/chunks/ce7e3_next_dist_compiled_react-dom_ca4da9ce._.js:9562:97)
    at workLoopSync (http://localhost:3000/_next/static/chunks/ce7e3_next_dist_compiled_react-dom_ca4da9ce._.js:9456:40)
    at renderRootSync (http://localhost:3000/_next/static/chunks/ce7e3_next_dist_compiled_react-dom_ca4da9ce._.js:9440:13)
    at performWorkOnRoot (http://localhost:3000/_next/static/chunks/ce7e3_next_dist_compiled_react-dom_ca4da9ce._.js:9105:47)
    at performWorkOnRootViaSchedulerTask (http://localhost:3000/_next/static/chunks/ce7e3_next_dist_compiled_react-dom_ca4da9ce._.js:10230:9)
    at MessagePort.performWorkUntilDeadline (http://localhost:3000/_next/static/chunks/ce7e3_next_dist_compiled_ac781538._.js:2647:64)
[17305298ms] [WARNING] [Fast Refresh] performing full reload because your application had an unrecoverable error @ http://localhost:3000/_next/static/chunks/ce7e3_next_dist_d1edf6fb._.js:2297
[17855336ms] [ERROR] The final argument passed to %s changed size between renders. The order and size of this array must remain constant.

Previous: %s
Incoming: %s useEffect [3] [3, 0] @ http://localhost:3000/_next/static/chunks/ce7e3_next_dist_d1edf6fb._.js:3127
